Arguments: 
  C:\Program Files\nodejs\node.exe C:\Program Files (x86)\Yarn\bin\yarn.js add react-navigation

PATH: 
  C:\ProgramData\Oracle\Java\javapath;C:\Windows\system32;C:\Windows;C:\Windows\System32\Wbem;C:\Windows\System32\WindowsPowerShell\v1.0\;C:\Program Files\nodejs\;C:\xampp\php;C:\composer;C:\Program Files (x86)\Yarn\bin\;C:\Program Files\Git\cmd;C:\Users\asus\AppData\Roaming\npm;C:\Users\asus\AppData\Roaming\Composer\vendor\bin;C:\Users\asus\AppData\Local\Yarn\bin

Yarn version: 
  1.5.1

Node version: 
  8.9.4

Platform: 
  win32 x64

npm manifest: 
  {
    "name": "Latihan1",
    "version": "0.1.0",
    "private": true,
    "devDependencies": {
      "eslint-config-rallycoding": "^3.2.0",
      "jest-expo": "25.0.0",
      "react-native-scripts": "1.11.1",
      "react-test-renderer": "16.2.0"
    },
    "main": "./node_modules/react-native-scripts/build/bin/crna-entry.js",
    "scripts": {
      "start": "react-native-scripts start",
      "eject": "react-native-scripts eject",
      "android": "react-native-scripts android",
      "ios": "react-native-scripts ios",
      "test": "node node_modules/jest/bin/jest.js"
    },
    "jest": {
      "preset": "jest-expo"
    },
    "dependencies": {
      "expo": "^25.0.0",
      "react": "16.2.0",
      "react-native": "0.52.0"
    }
  }

yarn manifest: 
  No manifest

Lockfile: 
  No lockfile

Trace: 
  Error: socket hang up
      at TLSSocket.onHangUp (_tls_wrap.js:1135:19)
      at Object.onceWrapper (events.js:313:30)
      at emitNone (events.js:111:20)
      at TLSSocket.emit (events.js:208:7)
      at endReadableNT (_stream_readable.js:1055:12)
      at _combinedTickCallback (internal/process/next_tick.js:138:11)
      at process._tickCallback (internal/process/next_tick.js:180:9)
